<?xml version="1.0" encoding="UTF-8"?>
<!-- Generated by org.testng.reporters.JUnitXMLReporter -->
<testsuite hostname="INMAAWN53000190" ignored="2" name="Test" tests="1" failures="0" timestamp="26 Nov 2019 15:23:11 GMT" time="181.97" errors="0">
  <testcase name="TC01" time="152.955" classname="com.amazon.tests.LaptopPageTests"/>
  <testcase name="@BeforeSuite beforeSuite" time="0.0" classname="com.amazon.tests.BaseTest">
    <ignored/>
  </testcase> <!-- @BeforeSuite beforeSuite -->
  <testcase name="@AfterSuite afterSuite" time="0.0" classname="com.amazon.tests.BaseTest">
    <ignored/>
  </testcase> <!-- @AfterSuite afterSuite -->
</testsuite> <!-- Test -->
